script/20231003-rep-002-rep-003/20231016_ReconfigBridgeTracking.sol:Simulation_20231016_ReconfigBridgeTracking:stdstore (storage_slot: 0) (offset: 0) (type: struct StdStorage) (numberOfBytes: 224)
script/20231003-rep-002-rep-003/20231016_ReconfigBridgeTracking.sol:Simulation_20231016_ReconfigBridgeTracking:stdChainsInitialized (storage_slot: 7) (offset: 0) (type: bool) (numberOfBytes: 1)
script/20231003-rep-002-rep-003/20231016_ReconfigBridgeTracking.sol:Simulation_20231016_ReconfigBridgeTracking:chains (storage_slot: 8) (offset: 0) (type: mapping(string => struct StdChains.Chain)) (numberOfBytes: 32)
script/20231003-rep-002-rep-003/20231016_ReconfigBridgeTracking.sol:Simulation_20231016_ReconfigBridgeTracking:defaultRpcUrls (storage_slot: 9) (offset: 0) (type: mapping(string => string)) (numberOfBytes: 32)
script/20231003-rep-002-rep-003/20231016_ReconfigBridgeTracking.sol:Simulation_20231016_ReconfigBridgeTracking:idToAlias (storage_slot: 10) (offset: 0) (type: mapping(uint256 => string)) (numberOfBytes: 32)
script/20231003-rep-002-rep-003/20231016_ReconfigBridgeTracking.sol:Simulation_20231016_ReconfigBridgeTracking:fallbackToDefaultRpcUrls (storage_slot: 11) (offset: 0) (type: bool) (numberOfBytes: 1)
script/20231003-rep-002-rep-003/20231016_ReconfigBridgeTracking.sol:Simulation_20231016_ReconfigBridgeTracking:gasMeteringOff (storage_slot: 11) (offset: 1) (type: bool) (numberOfBytes: 1)
script/20231003-rep-002-rep-003/20231016_ReconfigBridgeTracking.sol:Simulation_20231016_ReconfigBridgeTracking:IS_SCRIPT (storage_slot: 11) (offset: 2) (type: bool) (numberOfBytes: 1)
script/20231003-rep-002-rep-003/20231016_ReconfigBridgeTracking.sol:Simulation_20231016_ReconfigBridgeTracking:IS_TEST (storage_slot: 11) (offset: 3) (type: bool) (numberOfBytes: 1)
script/20231003-rep-002-rep-003/20231016_ReconfigBridgeTracking.sol:Simulation_20231016_ReconfigBridgeTracking:_failed (storage_slot: 11) (offset: 4) (type: bool) (numberOfBytes: 1)
script/20231003-rep-002-rep-003/20231016_ReconfigBridgeTracking.sol:Simulation_20231016_ReconfigBridgeTracking:_sender (storage_slot: 11) (offset: 5) (type: address) (numberOfBytes: 20)
script/20231003-rep-002-rep-003/20231016_ReconfigBridgeTracking.sol:Simulation_20231016_ReconfigBridgeTracking:_network (storage_slot: 11) (offset: 25) (type: enum Network) (numberOfBytes: 1)
script/20231003-rep-002-rep-003/20231016_ReconfigBridgeTracking.sol:Simulation_20231016_ReconfigBridgeTracking:_config (storage_slot: 12) (offset: 0) (type: contract GeneralConfig) (numberOfBytes: 20)
script/20231003-rep-002-rep-003/20231016_ReconfigBridgeTracking.sol:Simulation_20231016_ReconfigBridgeTracking:_alreadySetUp (storage_slot: 12) (offset: 20) (type: bool) (numberOfBytes: 1)
script/20231003-rep-002-rep-003/20231016_ReconfigBridgeTracking.sol:Simulation_20231016_ReconfigBridgeTracking:_overriddenArgs (storage_slot: 13) (offset: 0) (type: bytes) (numberOfBytes: 32)
script/20231003-rep-002-rep-003/20231016_ReconfigBridgeTracking.sol:Simulation_20231016_ReconfigBridgeTracking:_logger (storage_slot: 14) (offset: 0) (type: contract LogGenerator) (numberOfBytes: 20)
script/20231003-rep-002-rep-003/20231016_ReconfigBridgeTracking.sol:Simulation_20231016_ReconfigBridgeTracking:_deployScript (storage_slot: 15) (offset: 0) (type: mapping(enum ContractKey => contract IDeployScript)) (numberOfBytes: 32)
script/20231003-rep-002-rep-003/20231016_ReconfigBridgeTracking.sol:Simulation_20231016_ReconfigBridgeTracking:_staking (storage_slot: 16) (offset: 0) (type: contract Staking) (numberOfBytes: 20)
script/20231003-rep-002-rep-003/20231016_ReconfigBridgeTracking.sol:Simulation_20231016_ReconfigBridgeTracking:_roninGateway (storage_slot: 17) (offset: 0) (type: contract RoninGatewayV3) (numberOfBytes: 20)
script/20231003-rep-002-rep-003/20231016_ReconfigBridgeTracking.sol:Simulation_20231016_ReconfigBridgeTracking:_bridgeTracking (storage_slot: 18) (offset: 0) (type: contract BridgeTracking) (numberOfBytes: 20)
script/20231003-rep-002-rep-003/20231016_ReconfigBridgeTracking.sol:Simulation_20231016_ReconfigBridgeTracking:_slashIndicator (storage_slot: 19) (offset: 0) (type: contract SlashIndicator) (numberOfBytes: 20)
script/20231003-rep-002-rep-003/20231016_ReconfigBridgeTracking.sol:Simulation_20231016_ReconfigBridgeTracking:_validatorSet (storage_slot: 20) (offset: 0) (type: contract RoninValidatorSet) (numberOfBytes: 20)
script/20231003-rep-002-rep-003/20231016_ReconfigBridgeTracking.sol:Simulation_20231016_ReconfigBridgeTracking:_stakingVesting (storage_slot: 21) (offset: 0) (type: contract StakingVesting) (numberOfBytes: 20)
script/20231003-rep-002-rep-003/20231016_ReconfigBridgeTracking.sol:Simulation_20231016_ReconfigBridgeTracking:_trustedOrgs (storage_slot: 22) (offset: 0) (type: contract RoninTrustedOrganization) (numberOfBytes: 20)
script/20231003-rep-002-rep-003/20231016_ReconfigBridgeTracking.sol:Simulation_20231016_ReconfigBridgeTracking:_fastFinalityTracking (storage_slot: 23) (offset: 0) (type: contract FastFinalityTracking) (numberOfBytes: 20)
script/20231003-rep-002-rep-003/20231016_ReconfigBridgeTracking.sol:Simulation_20231016_ReconfigBridgeTracking:_roninGovernanceAdmin (storage_slot: 24) (offset: 0) (type: contract RoninGovernanceAdmin) (numberOfBytes: 20)
script/20231003-rep-002-rep-003/20231016_ReconfigBridgeTracking.sol:Simulation_20231016_ReconfigBridgeTracking:_bridgeSlash (storage_slot: 25) (offset: 0) (type: contract BridgeSlash) (numberOfBytes: 20)
script/20231003-rep-002-rep-003/20231016_ReconfigBridgeTracking.sol:Simulation_20231016_ReconfigBridgeTracking:_bridgeReward (storage_slot: 26) (offset: 0) (type: contract BridgeReward) (numberOfBytes: 20)
script/20231003-rep-002-rep-003/20231016_ReconfigBridgeTracking.sol:Simulation_20231016_ReconfigBridgeTracking:_roninBridgeManager (storage_slot: 27) (offset: 0) (type: contract RoninBridgeManager) (numberOfBytes: 20)
script/20231003-rep-002-rep-003/20231016_ReconfigBridgeTracking.sol:Simulation_20231016_ReconfigBridgeTracking:_depositCount (storage_slot: 28) (offset: 0) (type: uint256) (numberOfBytes: 32)