lib/foundry-deployment-kit/script/BaseGeneralConfig.sol:BaseGeneralConfig:_resolved (storage_slot: 0) (offset: 0) (type: bool) (numberOfBytes: 1)
lib/foundry-deployment-kit/script/BaseGeneralConfig.sol:BaseGeneralConfig:_option (storage_slot: 1) (offset: 0) (type: struct IRuntimeConfig.Option) (numberOfBytes: 32)
lib/foundry-deployment-kit/script/BaseGeneralConfig.sol:BaseGeneralConfig:_rawCommand (storage_slot: 2) (offset: 0) (type: string) (numberOfBytes: 32)
lib/foundry-deployment-kit/script/BaseGeneralConfig.sol:BaseGeneralConfig:stdstore (storage_slot: 3) (offset: 0) (type: struct StdStorage) (numberOfBytes: 224)
lib/foundry-deployment-kit/script/BaseGeneralConfig.sol:BaseGeneralConfig:_envLabel (storage_slot: 10) (offset: 0) (type: string) (numberOfBytes: 32)
lib/foundry-deployment-kit/script/BaseGeneralConfig.sol:BaseGeneralConfig:_envSender (storage_slot: 11) (offset: 0) (type: address) (numberOfBytes: 20)
lib/foundry-deployment-kit/script/BaseGeneralConfig.sol:BaseGeneralConfig:_trezorSender (storage_slot: 12) (offset: 0) (type: address) (numberOfBytes: 20)
lib/foundry-deployment-kit/script/BaseGeneralConfig.sol:BaseGeneralConfig:_walletOption (storage_slot: 12) (offset: 20) (type: enum IWalletConfig.WalletOption) (numberOfBytes: 1)
lib/foundry-deployment-kit/script/BaseGeneralConfig.sol:BaseGeneralConfig:_absolutePath (storage_slot: 13) (offset: 0) (type: string) (numberOfBytes: 32)
lib/foundry-deployment-kit/script/BaseGeneralConfig.sol:BaseGeneralConfig:_deploymentRoot (storage_slot: 14) (offset: 0) (type: string) (numberOfBytes: 32)
lib/foundry-deployment-kit/script/BaseGeneralConfig.sol:BaseGeneralConfig:_contractNameMap (storage_slot: 15) (offset: 0) (type: mapping(TContract => string)) (numberOfBytes: 32)
lib/foundry-deployment-kit/script/BaseGeneralConfig.sol:BaseGeneralConfig:_contractAbsolutePathMap (storage_slot: 16) (offset: 0) (type: mapping(TContract => string)) (numberOfBytes: 32)
lib/foundry-deployment-kit/script/BaseGeneralConfig.sol:BaseGeneralConfig:_contractAddrSet (storage_slot: 17) (offset: 0) (type: mapping(uint256 => struct EnumerableSet.AddressSet)) (numberOfBytes: 32)
lib/foundry-deployment-kit/script/BaseGeneralConfig.sol:BaseGeneralConfig:_contractAddrMap (storage_slot: 18) (offset: 0) (type: mapping(uint256 => mapping(string => address))) (numberOfBytes: 32)
lib/foundry-deployment-kit/script/BaseGeneralConfig.sol:BaseGeneralConfig:_contractTypeMap (storage_slot: 19) (offset: 0) (type: mapping(uint256 => mapping(address => TContract))) (numberOfBytes: 32)
lib/foundry-deployment-kit/script/BaseGeneralConfig.sol:BaseGeneralConfig:_deploymentRoot (storage_slot: 20) (offset: 0) (type: string) (numberOfBytes: 32)
lib/foundry-deployment-kit/script/BaseGeneralConfig.sol:BaseGeneralConfig:_isForkModeEnabled (storage_slot: 21) (offset: 0) (type: bool) (numberOfBytes: 1)
lib/foundry-deployment-kit/script/BaseGeneralConfig.sol:BaseGeneralConfig:_networkDataMap (storage_slot: 22) (offset: 0) (type: mapping(TNetwork => struct INetworkConfig.NetworkData)) (numberOfBytes: 32)
lib/foundry-deployment-kit/script/BaseGeneralConfig.sol:BaseGeneralConfig:_networkMap (storage_slot: 23) (offset: 0) (type: mapping(uint256 => TNetwork)) (numberOfBytes: 32)
lib/foundry-deployment-kit/script/BaseGeneralConfig.sol:BaseGeneralConfig:_migrationConfig (storage_slot: 24) (offset: 0) (type: bytes) (numberOfBytes: 32)