src/ronin/validator/storage-fragments/CommonStorage.sol:CommonStorage:_numberOfBlocksInEpoch (storage_slot: 0) (offset: 0) (type: uint256) (numberOfBytes: 32)
src/ronin/validator/storage-fragments/CommonStorage.sol:CommonStorage:_lastUpdatedBlock (storage_slot: 1) (offset: 0) (type: uint256) (numberOfBytes: 32)
src/ronin/validator/storage-fragments/CommonStorage.sol:CommonStorage:_lastUpdatedPeriod (storage_slot: 2) (offset: 0) (type: uint256) (numberOfBytes: 32)
src/ronin/validator/storage-fragments/CommonStorage.sol:CommonStorage:_currentPeriodStartAtBlock (storage_slot: 3) (offset: 0) (type: uint256) (numberOfBytes: 32)
src/ronin/validator/storage-fragments/CommonStorage.sol:CommonStorage:_periodOf (storage_slot: 4) (offset: 0) (type: mapping(uint256 => uint256)) (numberOfBytes: 32)
src/ronin/validator/storage-fragments/CommonStorage.sol:CommonStorage:______gap (storage_slot: 5) (offset: 0) (type: uint256[49]) (numberOfBytes: 1568)
src/ronin/validator/storage-fragments/CommonStorage.sol:CommonStorage:_miningRewardDeprecatedAtPeriod (storage_slot: 54) (offset: 0) (type: mapping(address => mapping(uint256 => bool))) (numberOfBytes: 32)
src/ronin/validator/storage-fragments/CommonStorage.sol:CommonStorage:_miningRewardBailoutCutOffAtPeriod (storage_slot: 55) (offset: 0) (type: mapping(address => mapping(uint256 => bool))) (numberOfBytes: 32)
src/ronin/validator/storage-fragments/CommonStorage.sol:CommonStorage:______deprecatedBridgeRewardDeprecatedAtPeriod (storage_slot: 56) (offset: 0) (type: mapping(address => mapping(uint256 => bool))) (numberOfBytes: 32)
src/ronin/validator/storage-fragments/CommonStorage.sol:CommonStorage:_blockProducerJailedBlock (storage_slot: 57) (offset: 0) (type: mapping(address => uint256)) (numberOfBytes: 32)
src/ronin/validator/storage-fragments/CommonStorage.sol:CommonStorage:_emergencyExitJailedTimestamp (storage_slot: 58) (offset: 0) (type: mapping(address => uint256)) (numberOfBytes: 32)
src/ronin/validator/storage-fragments/CommonStorage.sol:CommonStorage:_cannotBailoutUntilBlock (storage_slot: 59) (offset: 0) (type: mapping(address => uint256)) (numberOfBytes: 32)
src/ronin/validator/storage-fragments/CommonStorage.sol:CommonStorage:______gap (storage_slot: 60) (offset: 0) (type: uint256[48]) (numberOfBytes: 1536)
src/ronin/validator/storage-fragments/CommonStorage.sol:CommonStorage:______deprecatedTrustedOrg (storage_slot: 108) (offset: 0) (type: address) (numberOfBytes: 20)
src/ronin/validator/storage-fragments/CommonStorage.sol:CommonStorage:_maxValidatorNumber (storage_slot: 109) (offset: 0) (type: uint256) (numberOfBytes: 32)
src/ronin/validator/storage-fragments/CommonStorage.sol:CommonStorage:validatorCount (storage_slot: 110) (offset: 0) (type: uint256) (numberOfBytes: 32)
src/ronin/validator/storage-fragments/CommonStorage.sol:CommonStorage:_validators (storage_slot: 111) (offset: 0) (type: mapping(uint256 => address)) (numberOfBytes: 32)
src/ronin/validator/storage-fragments/CommonStorage.sol:CommonStorage:_validatorMap (storage_slot: 112) (offset: 0) (type: mapping(address => enum EnumFlags.ValidatorFlag)) (numberOfBytes: 32)
src/ronin/validator/storage-fragments/CommonStorage.sol:CommonStorage:_maxPrioritizedValidatorNumber (storage_slot: 113) (offset: 0) (type: uint256) (numberOfBytes: 32)
src/ronin/validator/storage-fragments/CommonStorage.sol:CommonStorage:______gap (storage_slot: 114) (offset: 0) (type: uint256[50]) (numberOfBytes: 1600)
src/ronin/validator/storage-fragments/CommonStorage.sol:CommonStorage:_miningReward (storage_slot: 164) (offset: 0) (type: mapping(address => uint256)) (numberOfBytes: 32)
src/ronin/validator/storage-fragments/CommonStorage.sol:CommonStorage:_delegatingReward (storage_slot: 165) (offset: 0) (type: mapping(address => uint256)) (numberOfBytes: 32)
src/ronin/validator/storage-fragments/CommonStorage.sol:CommonStorage:_totalFastFinalityReward (storage_slot: 166) (offset: 0) (type: uint256) (numberOfBytes: 32)
src/ronin/validator/storage-fragments/CommonStorage.sol:CommonStorage:_fastFinalityReward (storage_slot: 167) (offset: 0) (type: mapping(address => uint256)) (numberOfBytes: 32)
src/ronin/validator/storage-fragments/CommonStorage.sol:CommonStorage:_totalDeprecatedReward (storage_slot: 168) (offset: 0) (type: uint256) (numberOfBytes: 32)
src/ronin/validator/storage-fragments/CommonStorage.sol:CommonStorage:_emergencyExitLockedAmount (storage_slot: 169) (offset: 0) (type: uint256) (numberOfBytes: 32)
src/ronin/validator/storage-fragments/CommonStorage.sol:CommonStorage:_emergencyExpiryDuration (storage_slot: 170) (offset: 0) (type: uint256) (numberOfBytes: 32)
src/ronin/validator/storage-fragments/CommonStorage.sol:CommonStorage:_lockedConsensusList (storage_slot: 171) (offset: 0) (type: address[]) (numberOfBytes: 32)
src/ronin/validator/storage-fragments/CommonStorage.sol:CommonStorage:_exitInfo (storage_slot: 172) (offset: 0) (type: mapping(address => struct ICommonInfo.EmergencyExitInfo)) (numberOfBytes: 32)
src/ronin/validator/storage-fragments/CommonStorage.sol:CommonStorage:_lockedFundReleased (storage_slot: 173) (offset: 0) (type: mapping(address => bool)) (numberOfBytes: 32)
src/ronin/validator/storage-fragments/CommonStorage.sol:CommonStorage:______gap (storage_slot: 174) (offset: 0) (type: uint256[44]) (numberOfBytes: 1408)