script/GeneralConfigExtended.sol:GeneralConfigExtended:_resolved (storage_slot: 0) (offset: 0) (type: bool) (numberOfBytes: 1)
script/GeneralConfigExtended.sol:GeneralConfigExtended:_option (storage_slot: 1) (offset: 0) (type: struct IRuntimeConfig.Option) (numberOfBytes: 32)
script/GeneralConfigExtended.sol:GeneralConfigExtended:_rawCommand (storage_slot: 2) (offset: 0) (type: string) (numberOfBytes: 32)
script/GeneralConfigExtended.sol:GeneralConfigExtended:stdstore (storage_slot: 3) (offset: 0) (type: struct StdStorage) (numberOfBytes: 224)
script/GeneralConfigExtended.sol:GeneralConfigExtended:_envLabel (storage_slot: 10) (offset: 0) (type: string) (numberOfBytes: 32)
script/GeneralConfigExtended.sol:GeneralConfigExtended:_envSender (storage_slot: 11) (offset: 0) (type: address) (numberOfBytes: 20)
script/GeneralConfigExtended.sol:GeneralConfigExtended:_trezorSender (storage_slot: 12) (offset: 0) (type: address) (numberOfBytes: 20)
script/GeneralConfigExtended.sol:GeneralConfigExtended:_walletOption (storage_slot: 12) (offset: 20) (type: enum IWalletConfig.WalletOption) (numberOfBytes: 1)
script/GeneralConfigExtended.sol:GeneralConfigExtended:_absolutePath (storage_slot: 13) (offset: 0) (type: string) (numberOfBytes: 32)
script/GeneralConfigExtended.sol:GeneralConfigExtended:_deploymentRoot (storage_slot: 14) (offset: 0) (type: string) (numberOfBytes: 32)
script/GeneralConfigExtended.sol:GeneralConfigExtended:_contractNameMap (storage_slot: 15) (offset: 0) (type: mapping(TContract => string)) (numberOfBytes: 32)
script/GeneralConfigExtended.sol:GeneralConfigExtended:_contractAbsolutePathMap (storage_slot: 16) (offset: 0) (type: mapping(TContract => string)) (numberOfBytes: 32)
script/GeneralConfigExtended.sol:GeneralConfigExtended:_contractAddrSet (storage_slot: 17) (offset: 0) (type: mapping(uint256 => struct EnumerableSet.AddressSet)) (numberOfBytes: 32)
script/GeneralConfigExtended.sol:GeneralConfigExtended:_contractAddrMap (storage_slot: 18) (offset: 0) (type: mapping(uint256 => mapping(string => address))) (numberOfBytes: 32)
script/GeneralConfigExtended.sol:GeneralConfigExtended:_contractTypeMap (storage_slot: 19) (offset: 0) (type: mapping(uint256 => mapping(address => TContract))) (numberOfBytes: 32)
script/GeneralConfigExtended.sol:GeneralConfigExtended:_deploymentRoot (storage_slot: 20) (offset: 0) (type: string) (numberOfBytes: 32)
script/GeneralConfigExtended.sol:GeneralConfigExtended:_isForkModeEnabled (storage_slot: 21) (offset: 0) (type: bool) (numberOfBytes: 1)
script/GeneralConfigExtended.sol:GeneralConfigExtended:_networkDataMap (storage_slot: 22) (offset: 0) (type: mapping(TNetwork => struct INetworkConfig.NetworkData)) (numberOfBytes: 32)
script/GeneralConfigExtended.sol:GeneralConfigExtended:_networkMap (storage_slot: 23) (offset: 0) (type: mapping(uint256 => TNetwork)) (numberOfBytes: 32)
script/GeneralConfigExtended.sol:GeneralConfigExtended:_migrationConfig (storage_slot: 24) (offset: 0) (type: bytes) (numberOfBytes: 32)