src/mainchain/MainchainGatewayV3.sol:MainchainGatewayV3:_paused (storage_slot: 0) (offset: 0) (type: bool) (numberOfBytes: 1)
src/mainchain/MainchainGatewayV3.sol:MainchainGatewayV3:_num (storage_slot: 1) (offset: 0) (type: uint256) (numberOfBytes: 32)
src/mainchain/MainchainGatewayV3.sol:MainchainGatewayV3:_denom (storage_slot: 2) (offset: 0) (type: uint256) (numberOfBytes: 32)
src/mainchain/MainchainGatewayV3.sol:MainchainGatewayV3:______deprecated (storage_slot: 3) (offset: 0) (type: address) (numberOfBytes: 20)
src/mainchain/MainchainGatewayV3.sol:MainchainGatewayV3:nonce (storage_slot: 4) (offset: 0) (type: uint256) (numberOfBytes: 32)
src/mainchain/MainchainGatewayV3.sol:MainchainGatewayV3:emergencyPauser (storage_slot: 5) (offset: 0) (type: address) (numberOfBytes: 20)
src/mainchain/MainchainGatewayV3.sol:MainchainGatewayV3:______gap (storage_slot: 6) (offset: 0) (type: uint256[49]) (numberOfBytes: 1568)
src/mainchain/MainchainGatewayV3.sol:MainchainGatewayV3:_highTierVWNum (storage_slot: 55) (offset: 0) (type: uint256) (numberOfBytes: 32)
src/mainchain/MainchainGatewayV3.sol:MainchainGatewayV3:_highTierVWDenom (storage_slot: 56) (offset: 0) (type: uint256) (numberOfBytes: 32)
src/mainchain/MainchainGatewayV3.sol:MainchainGatewayV3:highTierThreshold (storage_slot: 57) (offset: 0) (type: mapping(address => uint256)) (numberOfBytes: 32)
src/mainchain/MainchainGatewayV3.sol:MainchainGatewayV3:lockedThreshold (storage_slot: 58) (offset: 0) (type: mapping(address => uint256)) (numberOfBytes: 32)
src/mainchain/MainchainGatewayV3.sol:MainchainGatewayV3:unlockFeePercentages (storage_slot: 59) (offset: 0) (type: mapping(address => uint256)) (numberOfBytes: 32)
src/mainchain/MainchainGatewayV3.sol:MainchainGatewayV3:dailyWithdrawalLimit (storage_slot: 60) (offset: 0) (type: mapping(address => uint256)) (numberOfBytes: 32)
src/mainchain/MainchainGatewayV3.sol:MainchainGatewayV3:lastSyncedWithdrawal (storage_slot: 61) (offset: 0) (type: mapping(address => uint256)) (numberOfBytes: 32)
src/mainchain/MainchainGatewayV3.sol:MainchainGatewayV3:lastDateSynced (storage_slot: 62) (offset: 0) (type: mapping(address => uint256)) (numberOfBytes: 32)
src/mainchain/MainchainGatewayV3.sol:MainchainGatewayV3:______gap (storage_slot: 63) (offset: 0) (type: uint256[50]) (numberOfBytes: 1600)
src/mainchain/MainchainGatewayV3.sol:MainchainGatewayV3:_initialized (storage_slot: 113) (offset: 0) (type: uint8) (numberOfBytes: 1)
src/mainchain/MainchainGatewayV3.sol:MainchainGatewayV3:_initializing (storage_slot: 113) (offset: 1) (type: bool) (numberOfBytes: 1)
src/mainchain/MainchainGatewayV3.sol:MainchainGatewayV3:_roles (storage_slot: 114) (offset: 0) (type: mapping(bytes32 => struct AccessControl.RoleData)) (numberOfBytes: 32)
src/mainchain/MainchainGatewayV3.sol:MainchainGatewayV3:_roleMembers (storage_slot: 115) (offset: 0) (type: mapping(bytes32 => struct EnumerableSet.AddressSet)) (numberOfBytes: 32)
src/mainchain/MainchainGatewayV3.sol:MainchainGatewayV3:wrappedNativeToken (storage_slot: 116) (offset: 0) (type: contract IWETH) (numberOfBytes: 20)
src/mainchain/MainchainGatewayV3.sol:MainchainGatewayV3:roninChainId (storage_slot: 117) (offset: 0) (type: uint256) (numberOfBytes: 32)
src/mainchain/MainchainGatewayV3.sol:MainchainGatewayV3:depositCount (storage_slot: 118) (offset: 0) (type: uint256) (numberOfBytes: 32)
src/mainchain/MainchainGatewayV3.sol:MainchainGatewayV3:_domainSeparator (storage_slot: 119) (offset: 0) (type: bytes32) (numberOfBytes: 32)
src/mainchain/MainchainGatewayV3.sol:MainchainGatewayV3:_roninToken (storage_slot: 120) (offset: 0) (type: mapping(address => struct MappedTokenConsumer.MappedToken)) (numberOfBytes: 32)
src/mainchain/MainchainGatewayV3.sol:MainchainGatewayV3:withdrawalHash (storage_slot: 121) (offset: 0) (type: mapping(uint256 => bytes32)) (numberOfBytes: 32)
src/mainchain/MainchainGatewayV3.sol:MainchainGatewayV3:withdrawalLocked (storage_slot: 122) (offset: 0) (type: mapping(uint256 => bool)) (numberOfBytes: 32)
src/mainchain/MainchainGatewayV3.sol:MainchainGatewayV3:______deprecatedBridgeOperatorAddedBlock (storage_slot: 123) (offset: 0) (type: uint256) (numberOfBytes: 32)
src/mainchain/MainchainGatewayV3.sol:MainchainGatewayV3:______deprecatedBridgeOperators (storage_slot: 124) (offset: 0) (type: uint256) (numberOfBytes: 32)
src/mainchain/MainchainGatewayV3.sol:MainchainGatewayV3:_totalOperatorWeight (storage_slot: 125) (offset: 0) (type: uint96) (numberOfBytes: 12)
src/mainchain/MainchainGatewayV3.sol:MainchainGatewayV3:_operatorWeight (storage_slot: 126) (offset: 0) (type: mapping(address => uint96)) (numberOfBytes: 32)
src/mainchain/MainchainGatewayV3.sol:MainchainGatewayV3:wethUnwrapper (storage_slot: 127) (offset: 0) (type: contract WethUnwrapper) (numberOfBytes: 20)