src/mocks/validator/MockRoninValidatorSetOverridePrecompile.sol:MockRoninValidatorSetOverridePrecompile:_initialized (storage_slot: 0) (offset: 0) (type: uint8) (numberOfBytes: 1)
src/mocks/validator/MockRoninValidatorSetOverridePrecompile.sol:MockRoninValidatorSetOverridePrecompile:_initializing (storage_slot: 0) (offset: 1) (type: bool) (numberOfBytes: 1)
src/mocks/validator/MockRoninValidatorSetOverridePrecompile.sol:MockRoninValidatorSetOverridePrecompile:_numberOfBlocksInEpoch (storage_slot: 1) (offset: 0) (type: uint256) (numberOfBytes: 32)
src/mocks/validator/MockRoninValidatorSetOverridePrecompile.sol:MockRoninValidatorSetOverridePrecompile:_lastUpdatedBlock (storage_slot: 2) (offset: 0) (type: uint256) (numberOfBytes: 32)
src/mocks/validator/MockRoninValidatorSetOverridePrecompile.sol:MockRoninValidatorSetOverridePrecompile:_lastUpdatedPeriod (storage_slot: 3) (offset: 0) (type: uint256) (numberOfBytes: 32)
src/mocks/validator/MockRoninValidatorSetOverridePrecompile.sol:MockRoninValidatorSetOverridePrecompile:_currentPeriodStartAtBlock (storage_slot: 4) (offset: 0) (type: uint256) (numberOfBytes: 32)
src/mocks/validator/MockRoninValidatorSetOverridePrecompile.sol:MockRoninValidatorSetOverridePrecompile:_periodOf (storage_slot: 5) (offset: 0) (type: mapping(uint256 => uint256)) (numberOfBytes: 32)
src/mocks/validator/MockRoninValidatorSetOverridePrecompile.sol:MockRoninValidatorSetOverridePrecompile:______gap (storage_slot: 6) (offset: 0) (type: uint256[49]) (numberOfBytes: 1568)
src/mocks/validator/MockRoninValidatorSetOverridePrecompile.sol:MockRoninValidatorSetOverridePrecompile:_miningRewardDeprecatedAtPeriod (storage_slot: 55) (offset: 0) (type: mapping(address => mapping(uint256 => bool))) (numberOfBytes: 32)
src/mocks/validator/MockRoninValidatorSetOverridePrecompile.sol:MockRoninValidatorSetOverridePrecompile:_miningRewardBailoutCutOffAtPeriod (storage_slot: 56) (offset: 0) (type: mapping(address => mapping(uint256 => bool))) (numberOfBytes: 32)
src/mocks/validator/MockRoninValidatorSetOverridePrecompile.sol:MockRoninValidatorSetOverridePrecompile:______deprecatedBridgeRewardDeprecatedAtPeriod (storage_slot: 57) (offset: 0) (type: mapping(address => mapping(uint256 => bool))) (numberOfBytes: 32)
src/mocks/validator/MockRoninValidatorSetOverridePrecompile.sol:MockRoninValidatorSetOverridePrecompile:_blockProducerJailedBlock (storage_slot: 58) (offset: 0) (type: mapping(address => uint256)) (numberOfBytes: 32)
src/mocks/validator/MockRoninValidatorSetOverridePrecompile.sol:MockRoninValidatorSetOverridePrecompile:_emergencyExitJailedTimestamp (storage_slot: 59) (offset: 0) (type: mapping(address => uint256)) (numberOfBytes: 32)
src/mocks/validator/MockRoninValidatorSetOverridePrecompile.sol:MockRoninValidatorSetOverridePrecompile:_cannotBailoutUntilBlock (storage_slot: 60) (offset: 0) (type: mapping(address => uint256)) (numberOfBytes: 32)
src/mocks/validator/MockRoninValidatorSetOverridePrecompile.sol:MockRoninValidatorSetOverridePrecompile:______gap (storage_slot: 61) (offset: 0) (type: uint256[48]) (numberOfBytes: 1536)
src/mocks/validator/MockRoninValidatorSetOverridePrecompile.sol:MockRoninValidatorSetOverridePrecompile:______deprecatedStakingVesting (storage_slot: 109) (offset: 0) (type: address) (numberOfBytes: 20)
src/mocks/validator/MockRoninValidatorSetOverridePrecompile.sol:MockRoninValidatorSetOverridePrecompile:______deprecatedBridgeTracking (storage_slot: 110) (offset: 0) (type: address) (numberOfBytes: 20)
src/mocks/validator/MockRoninValidatorSetOverridePrecompile.sol:MockRoninValidatorSetOverridePrecompile:______deprecatedMaintenance (storage_slot: 111) (offset: 0) (type: address) (numberOfBytes: 20)
src/mocks/validator/MockRoninValidatorSetOverridePrecompile.sol:MockRoninValidatorSetOverridePrecompile:______deprecatedSlashIndicator (storage_slot: 112) (offset: 0) (type: address) (numberOfBytes: 20)
src/mocks/validator/MockRoninValidatorSetOverridePrecompile.sol:MockRoninValidatorSetOverridePrecompile:______deprecatedStakingContract (storage_slot: 113) (offset: 0) (type: address) (numberOfBytes: 20)
src/mocks/validator/MockRoninValidatorSetOverridePrecompile.sol:MockRoninValidatorSetOverridePrecompile:_maxValidatorCandidate (storage_slot: 114) (offset: 0) (type: uint256) (numberOfBytes: 32)
src/mocks/validator/MockRoninValidatorSetOverridePrecompile.sol:MockRoninValidatorSetOverridePrecompile:_candidates (storage_slot: 115) (offset: 0) (type: address[]) (numberOfBytes: 32)
src/mocks/validator/MockRoninValidatorSetOverridePrecompile.sol:MockRoninValidatorSetOverridePrecompile:_candidateIndex (storage_slot: 116) (offset: 0) (type: mapping(address => uint256)) (numberOfBytes: 32)
src/mocks/validator/MockRoninValidatorSetOverridePrecompile.sol:MockRoninValidatorSetOverridePrecompile:_candidateInfo (storage_slot: 117) (offset: 0) (type: mapping(address => struct ICandidateManager.ValidatorCandidate)) (numberOfBytes: 32)
src/mocks/validator/MockRoninValidatorSetOverridePrecompile.sol:MockRoninValidatorSetOverridePrecompile:_minEffectiveDaysOnwards (storage_slot: 118) (offset: 0) (type: uint256) (numberOfBytes: 32)
src/mocks/validator/MockRoninValidatorSetOverridePrecompile.sol:MockRoninValidatorSetOverridePrecompile:_candidateCommissionChangeSchedule (storage_slot: 119) (offset: 0) (type: mapping(address => struct ICandidateManager.CommissionSchedule)) (numberOfBytes: 32)
src/mocks/validator/MockRoninValidatorSetOverridePrecompile.sol:MockRoninValidatorSetOverridePrecompile:______gap (storage_slot: 120) (offset: 0) (type: uint256[48]) (numberOfBytes: 1536)
src/mocks/validator/MockRoninValidatorSetOverridePrecompile.sol:MockRoninValidatorSetOverridePrecompile:______deprecatedTrustedOrg (storage_slot: 168) (offset: 0) (type: address) (numberOfBytes: 20)
src/mocks/validator/MockRoninValidatorSetOverridePrecompile.sol:MockRoninValidatorSetOverridePrecompile:_maxValidatorNumber (storage_slot: 169) (offset: 0) (type: uint256) (numberOfBytes: 32)
src/mocks/validator/MockRoninValidatorSetOverridePrecompile.sol:MockRoninValidatorSetOverridePrecompile:validatorCount (storage_slot: 170) (offset: 0) (type: uint256) (numberOfBytes: 32)
src/mocks/validator/MockRoninValidatorSetOverridePrecompile.sol:MockRoninValidatorSetOverridePrecompile:_validators (storage_slot: 171) (offset: 0) (type: mapping(uint256 => address)) (numberOfBytes: 32)
src/mocks/validator/MockRoninValidatorSetOverridePrecompile.sol:MockRoninValidatorSetOverridePrecompile:_validatorMap (storage_slot: 172) (offset: 0) (type: mapping(address => enum EnumFlags.ValidatorFlag)) (numberOfBytes: 32)
src/mocks/validator/MockRoninValidatorSetOverridePrecompile.sol:MockRoninValidatorSetOverridePrecompile:_maxPrioritizedValidatorNumber (storage_slot: 173) (offset: 0) (type: uint256) (numberOfBytes: 32)
src/mocks/validator/MockRoninValidatorSetOverridePrecompile.sol:MockRoninValidatorSetOverridePrecompile:______gap (storage_slot: 174) (offset: 0) (type: uint256[50]) (numberOfBytes: 1600)
src/mocks/validator/MockRoninValidatorSetOverridePrecompile.sol:MockRoninValidatorSetOverridePrecompile:_miningReward (storage_slot: 224) (offset: 0) (type: mapping(address => uint256)) (numberOfBytes: 32)
src/mocks/validator/MockRoninValidatorSetOverridePrecompile.sol:MockRoninValidatorSetOverridePrecompile:_delegatingReward (storage_slot: 225) (offset: 0) (type: mapping(address => uint256)) (numberOfBytes: 32)
src/mocks/validator/MockRoninValidatorSetOverridePrecompile.sol:MockRoninValidatorSetOverridePrecompile:_totalFastFinalityReward (storage_slot: 226) (offset: 0) (type: uint256) (numberOfBytes: 32)
src/mocks/validator/MockRoninValidatorSetOverridePrecompile.sol:MockRoninValidatorSetOverridePrecompile:_fastFinalityReward (storage_slot: 227) (offset: 0) (type: mapping(address => uint256)) (numberOfBytes: 32)
src/mocks/validator/MockRoninValidatorSetOverridePrecompile.sol:MockRoninValidatorSetOverridePrecompile:_totalDeprecatedReward (storage_slot: 228) (offset: 0) (type: uint256) (numberOfBytes: 32)
src/mocks/validator/MockRoninValidatorSetOverridePrecompile.sol:MockRoninValidatorSetOverridePrecompile:_emergencyExitLockedAmount (storage_slot: 229) (offset: 0) (type: uint256) (numberOfBytes: 32)
src/mocks/validator/MockRoninValidatorSetOverridePrecompile.sol:MockRoninValidatorSetOverridePrecompile:_emergencyExpiryDuration (storage_slot: 230) (offset: 0) (type: uint256) (numberOfBytes: 32)
src/mocks/validator/MockRoninValidatorSetOverridePrecompile.sol:MockRoninValidatorSetOverridePrecompile:_lockedConsensusList (storage_slot: 231) (offset: 0) (type: address[]) (numberOfBytes: 32)
src/mocks/validator/MockRoninValidatorSetOverridePrecompile.sol:MockRoninValidatorSetOverridePrecompile:_exitInfo (storage_slot: 232) (offset: 0) (type: mapping(address => struct ICommonInfo.EmergencyExitInfo)) (numberOfBytes: 32)
src/mocks/validator/MockRoninValidatorSetOverridePrecompile.sol:MockRoninValidatorSetOverridePrecompile:_lockedFundReleased (storage_slot: 233) (offset: 0) (type: mapping(address => bool)) (numberOfBytes: 32)
src/mocks/validator/MockRoninValidatorSetOverridePrecompile.sol:MockRoninValidatorSetOverridePrecompile:______gap (storage_slot: 234) (offset: 0) (type: uint256[44]) (numberOfBytes: 1408)