src/ronin/gateway/RoninGatewayV3.sol:RoninGatewayV3:_paused (storage_slot: 0) (offset: 0) (type: bool) (numberOfBytes: 1)
src/ronin/gateway/RoninGatewayV3.sol:RoninGatewayV3:_num (storage_slot: 1) (offset: 0) (type: uint256) (numberOfBytes: 32)
src/ronin/gateway/RoninGatewayV3.sol:RoninGatewayV3:_denom (storage_slot: 2) (offset: 0) (type: uint256) (numberOfBytes: 32)
src/ronin/gateway/RoninGatewayV3.sol:RoninGatewayV3:______deprecated (storage_slot: 3) (offset: 0) (type: address) (numberOfBytes: 20)
src/ronin/gateway/RoninGatewayV3.sol:RoninGatewayV3:nonce (storage_slot: 4) (offset: 0) (type: uint256) (numberOfBytes: 32)
src/ronin/gateway/RoninGatewayV3.sol:RoninGatewayV3:emergencyPauser (storage_slot: 5) (offset: 0) (type: address) (numberOfBytes: 20)
src/ronin/gateway/RoninGatewayV3.sol:RoninGatewayV3:______gap (storage_slot: 6) (offset: 0) (type: uint256[49]) (numberOfBytes: 1568)
src/ronin/gateway/RoninGatewayV3.sol:RoninGatewayV3:_initialized (storage_slot: 55) (offset: 0) (type: uint8) (numberOfBytes: 1)
src/ronin/gateway/RoninGatewayV3.sol:RoninGatewayV3:_initializing (storage_slot: 55) (offset: 1) (type: bool) (numberOfBytes: 1)
src/ronin/gateway/RoninGatewayV3.sol:RoninGatewayV3:minimumThreshold (storage_slot: 56) (offset: 0) (type: mapping(address => uint256)) (numberOfBytes: 32)
src/ronin/gateway/RoninGatewayV3.sol:RoninGatewayV3:______gap (storage_slot: 57) (offset: 0) (type: uint256[50]) (numberOfBytes: 1600)
src/ronin/gateway/RoninGatewayV3.sol:RoninGatewayV3:_roles (storage_slot: 107) (offset: 0) (type: mapping(bytes32 => struct AccessControl.RoleData)) (numberOfBytes: 32)
src/ronin/gateway/RoninGatewayV3.sol:RoninGatewayV3:_roleMembers (storage_slot: 108) (offset: 0) (type: mapping(bytes32 => struct EnumerableSet.AddressSet)) (numberOfBytes: 32)
src/ronin/gateway/RoninGatewayV3.sol:RoninGatewayV3:___deprecated4 (storage_slot: 109) (offset: 0) (type: bool) (numberOfBytes: 1)
src/ronin/gateway/RoninGatewayV3.sol:RoninGatewayV3:withdrawalCount (storage_slot: 110) (offset: 0) (type: uint256) (numberOfBytes: 32)
src/ronin/gateway/RoninGatewayV3.sol:RoninGatewayV3:depositVote (storage_slot: 111) (offset: 0) (type: mapping(uint256 => mapping(uint256 => struct IsolatedGovernance.Vote))) (numberOfBytes: 32)
src/ronin/gateway/RoninGatewayV3.sol:RoninGatewayV3:mainchainWithdrewVote (storage_slot: 112) (offset: 0) (type: mapping(uint256 => struct IsolatedGovernance.Vote)) (numberOfBytes: 32)
src/ronin/gateway/RoninGatewayV3.sol:RoninGatewayV3:withdrawal (storage_slot: 113) (offset: 0) (type: mapping(uint256 => struct Transfer.Receipt)) (numberOfBytes: 32)
src/ronin/gateway/RoninGatewayV3.sol:RoninGatewayV3:_withdrawalSig (storage_slot: 114) (offset: 0) (type: mapping(uint256 => mapping(address => bytes))) (numberOfBytes: 32)
src/ronin/gateway/RoninGatewayV3.sol:RoninGatewayV3:_mainchainToken (storage_slot: 115) (offset: 0) (type: mapping(address => mapping(uint256 => struct MappedTokenConsumer.MappedToken))) (numberOfBytes: 32)
src/ronin/gateway/RoninGatewayV3.sol:RoninGatewayV3:____deprecated0 (storage_slot: 116) (offset: 0) (type: address) (numberOfBytes: 20)
src/ronin/gateway/RoninGatewayV3.sol:RoninGatewayV3:____deprecated1 (storage_slot: 117) (offset: 0) (type: address) (numberOfBytes: 20)
src/ronin/gateway/RoninGatewayV3.sol:RoninGatewayV3:withdrawalStatVote (storage_slot: 118) (offset: 0) (type: mapping(uint256 => struct IsolatedGovernance.Vote)) (numberOfBytes: 32)
src/ronin/gateway/RoninGatewayV3.sol:RoninGatewayV3:____deprecated2 (storage_slot: 119) (offset: 0) (type: address) (numberOfBytes: 20)
src/ronin/gateway/RoninGatewayV3.sol:RoninGatewayV3:_trustedNum (storage_slot: 120) (offset: 0) (type: uint256) (numberOfBytes: 32)
src/ronin/gateway/RoninGatewayV3.sol:RoninGatewayV3:_trustedDenom (storage_slot: 121) (offset: 0) (type: uint256) (numberOfBytes: 32)