src/ronin/slash-indicator/SlashIndicator.sol:SlashIndicator:______deprecatedValidator (storage_slot: 0) (offset: 0) (type: address) (numberOfBytes: 20)
src/ronin/slash-indicator/SlashIndicator.sol:SlashIndicator:_slashDoubleSignAmount (storage_slot: 1) (offset: 0) (type: uint256) (numberOfBytes: 32)
src/ronin/slash-indicator/SlashIndicator.sol:SlashIndicator:_doubleSigningJailUntilBlock (storage_slot: 2) (offset: 0) (type: uint256) (numberOfBytes: 32)
src/ronin/slash-indicator/SlashIndicator.sol:SlashIndicator:_doubleSigningOffsetLimitBlock (storage_slot: 3) (offset: 0) (type: uint256) (numberOfBytes: 32)
src/ronin/slash-indicator/SlashIndicator.sol:SlashIndicator:_submittedEvidence (storage_slot: 4) (offset: 0) (type: mapping(bytes32 => bool)) (numberOfBytes: 32)
src/ronin/slash-indicator/SlashIndicator.sol:SlashIndicator:______gap (storage_slot: 5) (offset: 0) (type: uint256[24]) (numberOfBytes: 768)
src/ronin/slash-indicator/SlashIndicator.sol:SlashIndicator:_slashFastFinalityAmount (storage_slot: 29) (offset: 0) (type: uint256) (numberOfBytes: 32)
src/ronin/slash-indicator/SlashIndicator.sol:SlashIndicator:_fastFinalityJailUntilBlock (storage_slot: 30) (offset: 0) (type: uint256) (numberOfBytes: 32)
src/ronin/slash-indicator/SlashIndicator.sol:SlashIndicator:_processedEvidence (storage_slot: 31) (offset: 0) (type: mapping(bytes32 => bool)) (numberOfBytes: 32)
src/ronin/slash-indicator/SlashIndicator.sol:SlashIndicator:______gap (storage_slot: 32) (offset: 0) (type: uint256[21]) (numberOfBytes: 672)
src/ronin/slash-indicator/SlashIndicator.sol:SlashIndicator:______deprecatedTrustedOrg (storage_slot: 53) (offset: 0) (type: address) (numberOfBytes: 20)
src/ronin/slash-indicator/SlashIndicator.sol:SlashIndicator:______deprecatedGovernanceAdmin (storage_slot: 54) (offset: 0) (type: address) (numberOfBytes: 20)
src/ronin/slash-indicator/SlashIndicator.sol:SlashIndicator:_bridgeVotingSlashed (storage_slot: 55) (offset: 0) (type: mapping(address => mapping(uint256 => bool))) (numberOfBytes: 32)
src/ronin/slash-indicator/SlashIndicator.sol:SlashIndicator:_bridgeVotingThreshold (storage_slot: 56) (offset: 0) (type: uint256) (numberOfBytes: 32)
src/ronin/slash-indicator/SlashIndicator.sol:SlashIndicator:_bridgeVotingSlashAmount (storage_slot: 57) (offset: 0) (type: uint256) (numberOfBytes: 32)
src/ronin/slash-indicator/SlashIndicator.sol:SlashIndicator:______gap (storage_slot: 58) (offset: 0) (type: uint256[50]) (numberOfBytes: 1600)
src/ronin/slash-indicator/SlashIndicator.sol:SlashIndicator:______deprecatedMaintenance (storage_slot: 108) (offset: 0) (type: address) (numberOfBytes: 20)
src/ronin/slash-indicator/SlashIndicator.sol:SlashIndicator:_missingVotesRatioTier1 (storage_slot: 109) (offset: 0) (type: uint256) (numberOfBytes: 32)
src/ronin/slash-indicator/SlashIndicator.sol:SlashIndicator:_missingVotesRatioTier2 (storage_slot: 110) (offset: 0) (type: uint256) (numberOfBytes: 32)
src/ronin/slash-indicator/SlashIndicator.sol:SlashIndicator:_jailDurationForMissingVotesRatioTier2 (storage_slot: 111) (offset: 0) (type: uint256) (numberOfBytes: 32)
src/ronin/slash-indicator/SlashIndicator.sol:SlashIndicator:_skipBridgeOperatorSlashingThreshold (storage_slot: 112) (offset: 0) (type: uint256) (numberOfBytes: 32)
src/ronin/slash-indicator/SlashIndicator.sol:SlashIndicator:______gap (storage_slot: 113) (offset: 0) (type: uint256[50]) (numberOfBytes: 1600)
src/ronin/slash-indicator/SlashIndicator.sol:SlashIndicator:lastUnavailabilitySlashedBlock (storage_slot: 163) (offset: 0) (type: uint256) (numberOfBytes: 32)
src/ronin/slash-indicator/SlashIndicator.sol:SlashIndicator:_unavailabilityIndicator (storage_slot: 164) (offset: 0) (type: mapping(address => mapping(uint256 => uint256))) (numberOfBytes: 32)
src/ronin/slash-indicator/SlashIndicator.sol:SlashIndicator:_unavailabilityTier1Threshold (storage_slot: 165) (offset: 0) (type: uint256) (numberOfBytes: 32)
src/ronin/slash-indicator/SlashIndicator.sol:SlashIndicator:_unavailabilityTier2Threshold (storage_slot: 166) (offset: 0) (type: uint256) (numberOfBytes: 32)
src/ronin/slash-indicator/SlashIndicator.sol:SlashIndicator:_slashAmountForUnavailabilityTier2Threshold (storage_slot: 167) (offset: 0) (type: uint256) (numberOfBytes: 32)
src/ronin/slash-indicator/SlashIndicator.sol:SlashIndicator:_jailDurationForUnavailabilityTier2Threshold (storage_slot: 168) (offset: 0) (type: uint256) (numberOfBytes: 32)
src/ronin/slash-indicator/SlashIndicator.sol:SlashIndicator:______gap (storage_slot: 169) (offset: 0) (type: uint256[50]) (numberOfBytes: 1600)
src/ronin/slash-indicator/SlashIndicator.sol:SlashIndicator:_checkBailedOutAtPeriod (storage_slot: 219) (offset: 0) (type: mapping(address => mapping(uint256 => bool))) (numberOfBytes: 32)
src/ronin/slash-indicator/SlashIndicator.sol:SlashIndicator:_creditScore (storage_slot: 220) (offset: 0) (type: mapping(address => uint256)) (numberOfBytes: 32)
src/ronin/slash-indicator/SlashIndicator.sol:SlashIndicator:_gainCreditScore (storage_slot: 221) (offset: 0) (type: uint256) (numberOfBytes: 32)
src/ronin/slash-indicator/SlashIndicator.sol:SlashIndicator:_maxCreditScore (storage_slot: 222) (offset: 0) (type: uint256) (numberOfBytes: 32)
src/ronin/slash-indicator/SlashIndicator.sol:SlashIndicator:_bailOutCostMultiplier (storage_slot: 223) (offset: 0) (type: uint256) (numberOfBytes: 32)
src/ronin/slash-indicator/SlashIndicator.sol:SlashIndicator:_cutOffPercentageAfterBailout (storage_slot: 224) (offset: 0) (type: uint256) (numberOfBytes: 32)
src/ronin/slash-indicator/SlashIndicator.sol:SlashIndicator:______gap (storage_slot: 225) (offset: 0) (type: uint256[50]) (numberOfBytes: 1600)
src/ronin/slash-indicator/SlashIndicator.sol:SlashIndicator:_initialized (storage_slot: 275) (offset: 0) (type: uint8) (numberOfBytes: 1)
src/ronin/slash-indicator/SlashIndicator.sol:SlashIndicator:_initializing (storage_slot: 275) (offset: 1) (type: bool) (numberOfBytes: 1)